INFO:     Started server process [17837]
INFO:     Waiting for application startup.
INFO:     Application startup complete.
INFO:     Uvicorn running on http://0.0.0.0:8080 (Press CTRL+C to quit)
Starting without SSL (HTTP only)
INFO:     5.251.34.113:0 - "OPTIONS /api/statistics HTTP/1.1" 200 OK
INFO:     5.251.34.113:0 - "OPTIONS /api/transactions?limit=50 HTTP/1.1" 200 OK
INFO:     5.251.34.113:0 - "OPTIONS /api/balance HTTP/1.1" 200 OK
DEBUG: Fetching transactions for @notodyss
INFO:     5.251.34.113:0 - "GET /api/balance HTTP/1.1" 200 OK
INFO:     5.251.34.113:0 - "GET /api/transactions?limit=50 HTTP/1.1" 500 Internal Server Error
ERROR:    Exception in ASGI application
Traceback (most recent call last):
  File "/Users/notodyss/Desktop/alihanbot/venv/lib/python3.13/site-packages/sqlalchemy/dialects/postgresql/asyncpg.py", line 510, in _prepare_and_execute
    prepared_stmt, attributes = await adapt_connection._prepare(
                                ^^^^^^^^^^^^^^^^^^^^^^^^^^^^^^^^
        operation, self._invalidate_schema_cache_asof
        ^^^^^^^^^^^^^^^^^^^^^^^^^^^^^^^^^^^^^^^^^^^^^
    )
    ^
  File "/Users/notodyss/Desktop/alihanbot/venv/lib/python3.13/site-packages/sqlalchemy/dialects/postgresql/asyncpg.py", line 756, in _prepare
    prepared_stmt = await self._connection.prepare(
                    ^^^^^^^^^^^^^^^^^^^^^^^^^^^^^^^
        operation, name=self._prepared_statement_name_func()
        ^^^^^^^^^^^^^^^^^^^^^^^^^^^^^^^^^^^^^^^^^^^^^^^^^^^^
    )
    ^
  File "/Users/notodyss/Desktop/alihanbot/venv/lib/python3.13/site-packages/asyncpg/connection.py", line 635, in prepare
    return await self._prepare(
           ^^^^^^^^^^^^^^^^^^^^
    ...<5 lines>...
    )
    ^
  File "/Users/notodyss/Desktop/alihanbot/venv/lib/python3.13/site-packages/asyncpg/connection.py", line 653, in _prepare
    stmt = await self._get_statement(
           ^^^^^^^^^^^^^^^^^^^^^^^^^^
    ...<5 lines>...
    )
    ^
  File "/Users/notodyss/Desktop/alihanbot/venv/lib/python3.13/site-packages/asyncpg/connection.py", line 432, in _get_statement
    statement = await self._protocol.prepare(
                ^^^^^^^^^^^^^^^^^^^^^^^^^^^^^
    ...<5 lines>...
    )
    ^
  File "asyncpg/protocol/protocol.pyx", line 165, in prepare
asyncpg.exceptions.InvalidCachedStatementError: cached statement plan is invalid due to a database schema or configuration change

The above exception was the direct cause of the following exception:

Traceback (most recent call last):
  File "/Users/notodyss/Desktop/alihanbot/venv/lib/python3.13/site-packages/sqlalchemy/engine/base.py", line 1967, in _exec_single_context
    self.dialect.do_execute(
    ~~~~~~~~~~~~~~~~~~~~~~~^
        cursor, str_statement, effective_parameters, context
        ^^^^^^^^^^^^^^^^^^^^^^^^^^^^^^^^^^^^^^^^^^^^^^^^^^^^
    )
    ^
  File "/Users/notodyss/Desktop/alihanbot/venv/lib/python3.13/site-packages/sqlalchemy/engine/default.py", line 941, in do_execute
    cursor.execute(statement, parameters)
    ~~~~~~~~~~~~~~^^^^^^^^^^^^^^^^^^^^^^^
  File "/Users/notodyss/Desktop/alihanbot/venv/lib/python3.13/site-packages/sqlalchemy/dialects/postgresql/asyncpg.py", line 568, in execute
    self._adapt_connection.await_(
    ~~~~~~~~~~~~~~~~~~~~~~~~~~~~~^
        self._prepare_and_execute(operation, parameters)
        ^^^^^^^^^^^^^^^^^^^^^^^^^^^^^^^^^^^^^^^^^^^^^^^^
    )
    ^
  File "/Users/notodyss/Desktop/alihanbot/venv/lib/python3.13/site-packages/sqlalchemy/util/_concurrency_py3k.py", line 132, in await_only
    return current.parent.switch(awaitable)  # type: ignore[no-any-return,attr-defined] # noqa: E501
           ~~~~~~~~~~~~~~~~~~~~~^^^^^^^^^^^
  File "/Users/notodyss/Desktop/alihanbot/venv/lib/python3.13/site-packages/sqlalchemy/util/_concurrency_py3k.py", line 196, in greenlet_spawn
    value = await result
            ^^^^^^^^^^^^
  File "/Users/notodyss/Desktop/alihanbot/venv/lib/python3.13/site-packages/sqlalchemy/dialects/postgresql/asyncpg.py", line 546, in _prepare_and_execute
    self._handle_exception(error)
    ~~~~~~~~~~~~~~~~~~~~~~^^^^^^^
  File "/Users/notodyss/Desktop/alihanbot/venv/lib/python3.13/site-packages/sqlalchemy/dialects/postgresql/asyncpg.py", line 497, in _handle_exception
    self._adapt_connection._handle_exception(error)
    ~~~~~~~~~~~~~~~~~~~~~~~~~~~~~~~~~~~~~~~~^^^^^^^
  File "/Users/notodyss/Desktop/alihanbot/venv/lib/python3.13/site-packages/sqlalchemy/dialects/postgresql/asyncpg.py", line 780, in _handle_exception
    raise translated_error from error
sqlalchemy.dialects.postgresql.asyncpg.AsyncAdapt_asyncpg_dbapi.InvalidCachedStatementError: <class 'asyncpg.exceptions.InvalidCachedStatementError'>: cached statement plan is invalid due to a database schema or configuration change (SQLAlchemy asyncpg dialect will now invalidate all prepared caches in response to this exception)

The above exception was the direct cause of the following exception:

Traceback (most recent call last):
  File "/Users/notodyss/Desktop/alihanbot/venv/lib/python3.13/site-packages/sentry_sdk/integrations/asgi.py", line 234, in _run_app
    return await self.app(
           ^^^^^^^^^^^^^^^
        scope, receive, _sentry_wrapped_send
        ^^^^^^^^^^^^^^^^^^^^^^^^^^^^^^^^^^^^
    )
    ^
  File "/Users/notodyss/Desktop/alihanbot/venv/lib/python3.13/site-packages/starlette/applications.py", line 123, in __call__
    await self.middleware_stack(scope, receive, send)
  File "/Users/notodyss/Desktop/alihanbot/venv/lib/python3.13/site-packages/sentry_sdk/integrations/starlette.py", line 157, in _create_span_call
    return await old_call(app, scope, new_receive, new_send, **kwargs)
           ^^^^^^^^^^^^^^^^^^^^^^^^^^^^^^^^^^^^^^^^^^^^^^^^^^^^^^^^^^^
  File "/Users/notodyss/Desktop/alihanbot/venv/lib/python3.13/site-packages/starlette/middleware/errors.py", line 186, in __call__
    raise exc
  File "/Users/notodyss/Desktop/alihanbot/venv/lib/python3.13/site-packages/starlette/middleware/errors.py", line 164, in __call__
    await self.app(scope, receive, _send)
  File "/Users/notodyss/Desktop/alihanbot/venv/lib/python3.13/site-packages/sentry_sdk/integrations/starlette.py", line 157, in _create_span_call
    return await old_call(app, scope, new_receive, new_send, **kwargs)
           ^^^^^^^^^^^^^^^^^^^^^^^^^^^^^^^^^^^^^^^^^^^^^^^^^^^^^^^^^^^
  File "/Users/notodyss/Desktop/alihanbot/venv/lib/python3.13/site-packages/starlette/middleware/cors.py", line 91, in __call__
    await self.simple_response(scope, receive, send, request_headers=headers)
  File "/Users/notodyss/Desktop/alihanbot/venv/lib/python3.13/site-packages/starlette/middleware/cors.py", line 146, in simple_response
    await self.app(scope, receive, send)
  File "/Users/notodyss/Desktop/alihanbot/venv/lib/python3.13/site-packages/sentry_sdk/integrations/starlette.py", line 256, in _sentry_exceptionmiddleware_call
    await old_call(self, scope, receive, send)
  File "/Users/notodyss/Desktop/alihanbot/venv/lib/python3.13/site-packages/sentry_sdk/integrations/starlette.py", line 157, in _create_span_call
    return await old_call(app, scope, new_receive, new_send, **kwargs)
           ^^^^^^^^^^^^^^^^^^^^^^^^^^^^^^^^^^^^^^^^^^^^^^^^^^^^^^^^^^^
  File "/Users/notodyss/Desktop/alihanbot/venv/lib/python3.13/site-packages/starlette/middleware/exceptions.py", line 62, in __call__
    await wrap_app_handling_exceptions(self.app, conn)(scope, receive, send)
  File "/Users/notodyss/Desktop/alihanbot/venv/lib/python3.13/site-packages/starlette/_exception_handler.py", line 64, in wrapped_app
    raise exc
  File "/Users/notodyss/Desktop/alihanbot/venv/lib/python3.13/site-packages/starlette/_exception_handler.py", line 53, in wrapped_app
    await app(scope, receive, sender)
  File "/Users/notodyss/Desktop/alihanbot/venv/lib/python3.13/site-packages/starlette/routing.py", line 762, in __call__
    await self.middleware_stack(scope, receive, send)
  File "/Users/notodyss/Desktop/alihanbot/venv/lib/python3.13/site-packages/starlette/routing.py", line 782, in app
    await route.handle(scope, receive, send)
  File "/Users/notodyss/Desktop/alihanbot/venv/lib/python3.13/site-packages/starlette/routing.py", line 297, in handle
    await self.app(scope, receive, send)
  File "/Users/notodyss/Desktop/alihanbot/venv/lib/python3.13/site-packages/starlette/routing.py", line 77, in app
    await wrap_app_handling_exceptions(app, request)(scope, receive, send)
  File "/Users/notodyss/Desktop/alihanbot/venv/lib/python3.13/site-packages/starlette/_exception_handler.py", line 64, in wrapped_app
    raise exc
  File "/Users/notodyss/Desktop/alihanbot/venv/lib/python3.13/site-packages/starlette/_exception_handler.py", line 53, in wrapped_app
    await app(scope, receive, sender)
  File "/Users/notodyss/Desktop/alihanbot/venv/lib/python3.13/site-packages/starlette/routing.py", line 72, in app
    response = await func(request)
               ^^^^^^^^^^^^^^^^^^^
  File "/Users/notodyss/Desktop/alihanbot/venv/lib/python3.13/site-packages/sentry_sdk/integrations/fastapi.py", line 136, in _sentry_app
    return await old_app(*args, **kwargs)
           ^^^^^^^^^^^^^^^^^^^^^^^^^^^^^^
  File "/Users/notodyss/Desktop/alihanbot/venv/lib/python3.13/site-packages/fastapi/routing.py", line 299, in app
    raise e
  File "/Users/notodyss/Desktop/alihanbot/venv/lib/python3.13/site-packages/fastapi/routing.py", line 294, in app
    raw_response = await run_endpoint_function(
                   ^^^^^^^^^^^^^^^^^^^^^^^^^^^^
        dependant=dependant, values=values, is_coroutine=is_coroutine
        ^^^^^^^^^^^^^^^^^^^^^^^^^^^^^^^^^^^^^^^^^^^^^^^^^^^^^^^^^^^^^
    )
    ^
  File "/Users/notodyss/Desktop/alihanbot/venv/lib/python3.13/site-packages/fastapi/routing.py", line 191, in run_endpoint_function
    return await dependant.call(**values)
           ^^^^^^^^^^^^^^^^^^^^^^^^^^^^^^
  File "/Users/notodyss/Desktop/alihanbot/api/main.py", line 387, in get_transactions
    transactions_result = await db.execute(transactions_query, {
                          ^^^^^^^^^^^^^^^^^^^^^^^^^^^^^^^^^^^^^^
    ...<4 lines>...
    })
    ^^
  File "/Users/notodyss/Desktop/alihanbot/venv/lib/python3.13/site-packages/sqlalchemy/ext/asyncio/session.py", line 461, in execute
    result = await greenlet_spawn(
             ^^^^^^^^^^^^^^^^^^^^^
    ...<6 lines>...
    )
    ^
  File "/Users/notodyss/Desktop/alihanbot/venv/lib/python3.13/site-packages/sqlalchemy/util/_concurrency_py3k.py", line 201, in greenlet_spawn
    result = context.throw(*sys.exc_info())
  File "/Users/notodyss/Desktop/alihanbot/venv/lib/python3.13/site-packages/sqlalchemy/orm/session.py", line 2362, in execute
    return self._execute_internal(
           ~~~~~~~~~~~~~~~~~~~~~~^
        statement,
        ^^^^^^^^^^
    ...<4 lines>...
        _add_event=_add_event,
        ^^^^^^^^^^^^^^^^^^^^^^
    )
    ^
  File "/Users/notodyss/Desktop/alihanbot/venv/lib/python3.13/site-packages/sqlalchemy/orm/session.py", line 2256, in _execute_internal
    result = conn.execute(
        statement, params or {}, execution_options=execution_options
    )
  File "/Users/notodyss/Desktop/alihanbot/venv/lib/python3.13/site-packages/sqlalchemy/engine/base.py", line 1418, in execute
    return meth(
        self,
        distilled_parameters,
        execution_options or NO_OPTIONS,
    )
  File "/Users/notodyss/Desktop/alihanbot/venv/lib/python3.13/site-packages/sqlalchemy/sql/elements.py", line 515, in _execute_on_connection
    return connection._execute_clauseelement(
           ~~~~~~~~~~~~~~~~~~~~~~~~~~~~~~~~~^
        self, distilled_params, execution_options
        ^^^^^^^^^^^^^^^^^^^^^^^^^^^^^^^^^^^^^^^^^
    )
    ^
  File "/Users/notodyss/Desktop/alihanbot/venv/lib/python3.13/site-packages/sqlalchemy/engine/base.py", line 1640, in _execute_clauseelement
    ret = self._execute_context(
        dialect,
    ...<8 lines>...
        cache_hit=cache_hit,
    )
  File "/Users/notodyss/Desktop/alihanbot/venv/lib/python3.13/site-packages/sqlalchemy/engine/base.py", line 1846, in _execute_context
    return self._exec_single_context(
           ~~~~~~~~~~~~~~~~~~~~~~~~~^
        dialect, context, statement, parameters
        ^^^^^^^^^^^^^^^^^^^^^^^^^^^^^^^^^^^^^^^
    )
    ^
  File "/Users/notodyss/Desktop/alihanbot/venv/lib/python3.13/site-packages/sqlalchemy/engine/base.py", line 1986, in _exec_single_context
    self._handle_dbapi_exception(
    ~~~~~~~~~~~~~~~~~~~~~~~~~~~~^
        e, str_statement, effective_parameters, cursor, context
        ^^^^^^^^^^^^^^^^^^^^^^^^^^^^^^^^^^^^^^^^^^^^^^^^^^^^^^^
    )
    ^
  File "/Users/notodyss/Desktop/alihanbot/venv/lib/python3.13/site-packages/sqlalchemy/engine/base.py", line 2355, in _handle_dbapi_exception
    raise sqlalchemy_exception.with_traceback(exc_info[2]) from e
  File "/Users/notodyss/Desktop/alihanbot/venv/lib/python3.13/site-packages/sqlalchemy/engine/base.py", line 1967, in _exec_single_context
    self.dialect.do_execute(
    ~~~~~~~~~~~~~~~~~~~~~~~^
        cursor, str_statement, effective_parameters, context
        ^^^^^^^^^^^^^^^^^^^^^^^^^^^^^^^^^^^^^^^^^^^^^^^^^^^^
    )
    ^
  File "/Users/notodyss/Desktop/alihanbot/venv/lib/python3.13/site-packages/sqlalchemy/engine/default.py", line 941, in do_execute
    cursor.execute(statement, parameters)
    ~~~~~~~~~~~~~~^^^^^^^^^^^^^^^^^^^^^^^
  File "/Users/notodyss/Desktop/alihanbot/venv/lib/python3.13/site-packages/sqlalchemy/dialects/postgresql/asyncpg.py", line 568, in execute
    self._adapt_connection.await_(
    ~~~~~~~~~~~~~~~~~~~~~~~~~~~~~^
        self._prepare_and_execute(operation, parameters)
        ^^^^^^^^^^^^^^^^^^^^^^^^^^^^^^^^^^^^^^^^^^^^^^^^
    )
    ^
  File "/Users/notodyss/Desktop/alihanbot/venv/lib/python3.13/site-packages/sqlalchemy/util/_concurrency_py3k.py", line 132, in await_only
    return current.parent.switch(awaitable)  # type: ignore[no-any-return,attr-defined] # noqa: E501
           ~~~~~~~~~~~~~~~~~~~~~^^^^^^^^^^^
  File "/Users/notodyss/Desktop/alihanbot/venv/lib/python3.13/site-packages/sqlalchemy/util/_concurrency_py3k.py", line 196, in greenlet_spawn
    value = await result
            ^^^^^^^^^^^^
  File "/Users/notodyss/Desktop/alihanbot/venv/lib/python3.13/site-packages/sqlalchemy/dialects/postgresql/asyncpg.py", line 546, in _prepare_and_execute
    self._handle_exception(error)
    ~~~~~~~~~~~~~~~~~~~~~~^^^^^^^
  File "/Users/notodyss/Desktop/alihanbot/venv/lib/python3.13/site-packages/sqlalchemy/dialects/postgresql/asyncpg.py", line 497, in _handle_exception
    self._adapt_connection._handle_exception(error)
    ~~~~~~~~~~~~~~~~~~~~~~~~~~~~~~~~~~~~~~~~^^^^^^^
  File "/Users/notodyss/Desktop/alihanbot/venv/lib/python3.13/site-packages/sqlalchemy/dialects/postgresql/asyncpg.py", line 780, in _handle_exception
    raise translated_error from error
sqlalchemy.exc.NotSupportedError: (sqlalchemy.dialects.postgresql.asyncpg.InvalidCachedStatementError) <class 'asyncpg.exceptions.InvalidCachedStatementError'>: cached statement plan is invalid due to a database schema or configuration change (SQLAlchemy asyncpg dialect will now invalidate all prepared caches in response to this exception)
[SQL: 
        SELECT
            id,
            payment_system,
            amount_gross,
            transaction_date,
            CASE
                WHEN withdrawal_received THEN 'completed'
                ELSE 'pending'
            END as status
        FROM sheet_transactions
        WHERE (LOWER(client_username) = LOWER($1) 
           OR LOWER(client_username) = LOWER($2))
        ORDER BY transaction_date DESC NULLS LAST, id DESC
        LIMIT $3 OFFSET $4
    ]
[parameters: ('@notodyss', 'notodyss', 50, 0)]
(Background on this error at: https://sqlalche.me/e/20/tw8g)

During handling of the above exception, another exception occurred:

Traceback (most recent call last):
  File "/Users/notodyss/Desktop/alihanbot/venv/lib/python3.13/site-packages/uvicorn/protocols/http/httptools_impl.py", line 419, in run_asgi
    result = await app(  # type: ignore[func-returns-value]
             ^^^^^^^^^^^^^^^^^^^^^^^^^^^^^^^^^^^^^^^^^^^^^^
        self.scope, self.receive, self.send
        ^^^^^^^^^^^^^^^^^^^^^^^^^^^^^^^^^^^
    )
    ^
  File "/Users/notodyss/Desktop/alihanbot/venv/lib/python3.13/site-packages/uvicorn/middleware/proxy_headers.py", line 84, in __call__
    return await self.app(scope, receive, send)
           ^^^^^^^^^^^^^^^^^^^^^^^^^^^^^^^^^^^^
  File "/Users/notodyss/Desktop/alihanbot/venv/lib/python3.13/site-packages/fastapi/applications.py", line 1054, in __call__
    await super().__call__(scope, receive, send)
  File "/Users/notodyss/Desktop/alihanbot/venv/lib/python3.13/site-packages/sentry_sdk/integrations/starlette.py", line 364, in _sentry_patched_asgi_app
    return await middleware(scope, receive, send)
           ^^^^^^^^^^^^^^^^^^^^^^^^^^^^^^^^^^^^^^
  File "/Users/notodyss/Desktop/alihanbot/venv/lib/python3.13/site-packages/sentry_sdk/integrations/asgi.py", line 146, in _run_asgi3
    return await self._run_app(scope, receive, send, asgi_version=3)
           ^^^^^^^^^^^^^^^^^^^^^^^^^^^^^^^^^^^^^^^^^^^^^^^^^^^^^^^^^
  File "/Users/notodyss/Desktop/alihanbot/venv/lib/python3.13/site-packages/sentry_sdk/integrations/asgi.py", line 238, in _run_app
    _capture_exception(
    ~~~~~~~~~~~~~~~~~~^
        hub, exc, mechanism_type=self.mechanism_type
        ^^^^^^^^^^^^^^^^^^^^^^^^^^^^^^^^^^^^^^^^^^^^
    )
    ^
  File "/Users/notodyss/Desktop/alihanbot/venv/lib/python3.13/site-packages/sentry_sdk/integrations/asgi.py", line 62, in _capture_exception
    event, hint = event_from_exception(
                  ~~~~~~~~~~~~~~~~~~~~^
        exc,
        ^^^^
        client_options=hub.client.options,
        ^^^^^^^^^^^^^^^^^^^^^^^^^^^^^^^^^^
        mechanism={"type": mechanism_type, "handled": False},
        ^^^^^^^^^^^^^^^^^^^^^^^^^^^^^^^^^^^^^^^^^^^^^^^^^^^^^
    )
    ^
  File "/Users/notodyss/Desktop/alihanbot/venv/lib/python3.13/site-packages/sentry_sdk/utils.py", line 1084, in event_from_exception
    "values": exceptions_from_error_tuple(
              ~~~~~~~~~~~~~~~~~~~~~~~~~~~^
        exc_info, client_options, mechanism
        ^^^^^^^^^^^^^^^^^^^^^^^^^^^^^^^^^^^
    )
    ^
  File "/Users/notodyss/Desktop/alihanbot/venv/lib/python3.13/site-packages/sentry_sdk/utils.py", line 959, in exceptions_from_error_tuple
    single_exception_from_error_tuple(
    ~~~~~~~~~~~~~~~~~~~~~~~~~~~~~~~~~^
        exc_type, exc_value, tb, client_options, mechanism
        ^^^^^^^^^^^^^^^^^^^^^^^^^^^^^^^^^^^^^^^^^^^^^^^^^^
    )
    ^
  File "/Users/notodyss/Desktop/alihanbot/venv/lib/python3.13/site-packages/sentry_sdk/utils.py", line 779, in single_exception_from_error_tuple
    serialize_frame(
    ~~~~~~~~~~~~~~~^
        tb.tb_frame,
        ^^^^^^^^^^^^
    ...<3 lines>...
        max_value_length=max_value_length,
        ^^^^^^^^^^^^^^^^^^^^^^^^^^^^^^^^^^
    )
    ^
  File "/Users/notodyss/Desktop/alihanbot/venv/lib/python3.13/site-packages/sentry_sdk/utils.py", line 668, in serialize_frame
    rv["vars"] = copy(frame.f_locals)
                 ~~~~^^^^^^^^^^^^^^^^
  File "/opt/homebrew/Cellar/python@3.13/3.13.4/Frameworks/Python.framework/Versions/3.13/lib/python3.13/copy.py", line 88, in copy
    rv = reductor(4)
TypeError: cannot pickle 'FrameLocalsProxy' object
INFO:     5.251.34.113:0 - "GET /api/statistics HTTP/1.1" 200 OK
INFO:     5.251.34.113:0 - "GET /api/balance HTTP/1.1" 401 Unauthorized
INFO:     5.251.34.113:0 - "GET /api/transactions?limit=50 HTTP/1.1" 401 Unauthorized
INFO:     5.251.34.113:0 - "GET /api/statistics HTTP/1.1" 401 Unauthorized
INFO:     5.251.34.113:0 - "GET /api/transactions?limit=50 HTTP/1.1" 401 Unauthorized
INFO:     5.251.34.113:0 - "GET /api/balance HTTP/1.1" 401 Unauthorized
INFO:     5.251.34.113:0 - "GET /api/statistics HTTP/1.1" 401 Unauthorized
INFO:     5.251.34.113:0 - "OPTIONS /api/transactions?limit=50 HTTP/1.1" 200 OK
INFO:     5.251.34.113:0 - "OPTIONS /api/balance HTTP/1.1" 200 OK
INFO:     5.251.34.113:0 - "OPTIONS /api/statistics HTTP/1.1" 200 OK
INFO:     5.251.34.113:0 - "OPTIONS /api/balance HTTP/1.1" 200 OK
INFO:     5.251.34.113:0 - "OPTIONS /api/transactions?limit=50 HTTP/1.1" 200 OK
INFO:     5.251.34.113:0 - "OPTIONS /api/transactions?limit=50 HTTP/1.1" 200 OK
INFO:     5.251.34.113:0 - "OPTIONS /api/transactions?limit=50 HTTP/1.1" 200 OK
INFO:     5.251.34.113:0 - "OPTIONS /api/balance HTTP/1.1" 200 OK
INFO:     5.251.34.113:0 - "OPTIONS /api/transactions?limit=50 HTTP/1.1" 200 OK
INFO:     5.251.34.113:0 - "OPTIONS /api/balance HTTP/1.1" 200 OK
INFO:     5.251.34.113:0 - "OPTIONS /api/statistics HTTP/1.1" 200 OK
INFO:     5.251.34.113:0 - "OPTIONS /api/statistics HTTP/1.1" 200 OK
INFO:     5.251.34.113:0 - "OPTIONS /api/statistics HTTP/1.1" 200 OK
INFO:     5.251.34.113:0 - "OPTIONS /api/transactions?limit=50 HTTP/1.1" 200 OK
INFO:     5.251.34.113:0 - "OPTIONS /api/statistics HTTP/1.1" 200 OK
INFO:     5.251.34.113:0 - "OPTIONS /api/balance HTTP/1.1" 200 OK
INFO:     5.251.34.113:0 - "OPTIONS /api/balance HTTP/1.1" 200 OK
INFO:     5.251.34.113:0 - "OPTIONS /api/statistics HTTP/1.1" 200 OK
INFO:     5.251.34.113:0 - "OPTIONS /api/balance HTTP/1.1" 200 OK
INFO:     5.251.34.113:0 - "OPTIONS /api/balance HTTP/1.1" 200 OK
INFO:     5.251.34.113:0 - "OPTIONS /api/transactions?limit=50 HTTP/1.1" 200 OK
INFO:     5.251.34.113:0 - "OPTIONS /api/transactions?limit=50 HTTP/1.1" 200 OK
INFO:     5.251.34.113:0 - "OPTIONS /api/statistics HTTP/1.1" 200 OK
INFO:     5.251.34.113:0 - "OPTIONS /api/statistics HTTP/1.1" 200 OK
INFO:     5.251.34.113:0 - "GET /api/statistics HTTP/1.1" 401 Unauthorized
INFO:     5.251.34.113:0 - "GET /api/transactions?limit=50 HTTP/1.1" 401 Unauthorized
INFO:     5.251.34.113:0 - "GET /api/balance HTTP/1.1" 401 Unauthorized
INFO:     5.251.34.113:0 - "GET /api/transactions?limit=50 HTTP/1.1" 401 Unauthorized
INFO:     5.251.34.113:0 - "GET /api/balance HTTP/1.1" 401 Unauthorized
INFO:     5.251.34.113:0 - "GET /api/statistics HTTP/1.1" 401 Unauthorized
INFO:     5.251.34.113:0 - "GET /api/balance HTTP/1.1" 401 Unauthorized
INFO:     5.251.34.113:0 - "GET /api/transactions?limit=50 HTTP/1.1" 401 Unauthorized
INFO:     5.251.34.113:0 - "GET /api/statistics HTTP/1.1" 401 Unauthorized
INFO:     5.251.34.113:0 - "GET /api/balance HTTP/1.1" 401 Unauthorized
INFO:     5.251.34.113:0 - "GET /api/statistics HTTP/1.1" 401 Unauthorized
INFO:     5.251.34.113:0 - "GET /api/transactions?limit=50 HTTP/1.1" 401 Unauthorized
INFO:     5.251.34.113:0 - "GET /api/transactions?limit=50 HTTP/1.1" 401 Unauthorized
INFO:     5.251.34.113:0 - "GET /api/balance HTTP/1.1" 401 Unauthorized
INFO:     5.251.34.113:0 - "GET /api/statistics HTTP/1.1" 401 Unauthorized
INFO:     5.251.34.113:0 - "GET /api/statistics HTTP/1.1" 401 Unauthorized
INFO:     5.251.34.113:0 - "GET /api/transactions?limit=50 HTTP/1.1" 401 Unauthorized
INFO:     5.251.34.113:0 - "GET /api/balance HTTP/1.1" 401 Unauthorized
INFO:     5.251.34.113:0 - "GET /api/statistics HTTP/1.1" 401 Unauthorized
INFO:     5.251.34.113:0 - "GET /api/transactions?limit=50 HTTP/1.1" 401 Unauthorized
INFO:     5.251.34.113:0 - "GET /api/balance HTTP/1.1" 401 Unauthorized
INFO:     5.251.34.113:0 - "GET /api/statistics HTTP/1.1" 401 Unauthorized
INFO:     5.251.34.113:0 - "GET /api/transactions?limit=50 HTTP/1.1" 401 Unauthorized
INFO:     5.251.34.113:0 - "GET /api/balance HTTP/1.1" 401 Unauthorized
